Determining if the pthread_create exist failed with the following output:
Change Dir: /home/meet/cluon/logic-action-motion/build/CMakeFiles/CMakeTmp

Run Build Command:"/usr/bin/make" "cmTC_2ae93/fast"
/usr/bin/make -f CMakeFiles/cmTC_2ae93.dir/build.make CMakeFiles/cmTC_2ae93.dir/build
make[1]: Entering directory '/home/meet/cluon/logic-action-motion/build/CMakeFiles/CMakeTmp'
Building C object CMakeFiles/cmTC_2ae93.dir/CheckSymbolExists.c.o
/usr/bin/cc     -o CMakeFiles/cmTC_2ae93.dir/CheckSymbolExists.c.o   -c /home/meet/cluon/logic-action-motion/build/CMakeFiles/CMakeTmp/CheckSymbolExists.c
Linking C executable cmTC_2ae93
/usr/bin/cmake -E cmake_link_script CMakeFiles/cmTC_2ae93.dir/link.txt --verbose=1
/usr/bin/cc     -static-libgcc -static-libstdc++  CMakeFiles/cmTC_2ae93.dir/CheckSymbolExists.c.o  -o cmTC_2ae93 -rdynamic 
CMakeFiles/cmTC_2ae93.dir/CheckSymbolExists.c.o: In function `main':
CheckSymbolExists.c:(.text+0x16): undefined reference to `pthread_create'
collect2: error: ld returned 1 exit status
CMakeFiles/cmTC_2ae93.dir/build.make:97: recipe for target 'cmTC_2ae93' failed
make[1]: *** [cmTC_2ae93] Error 1
make[1]: Leaving directory '/home/meet/cluon/logic-action-motion/build/CMakeFiles/CMakeTmp'
Makefile:126: recipe for target 'cmTC_2ae93/fast' failed
make: *** [cmTC_2ae93/fast] Error 2

File /home/meet/cluon/logic-action-motion/build/CMakeFiles/CMakeTmp/CheckSymbolExists.c:
/* */
#include <pthread.h>

int main(int argc, char** argv)
{
  (void)argv;
#ifndef pthread_create
  return ((int*)(&pthread_create))[argc];
#else
  (void)argc;
  return 0;
#endif
}

